<?xml version="1.0" encoding="UTF-8"?>
<!-- Generated by org.testng.reporters.JUnitReportReporter -->
<testsuite hostname="3-THINK" name="com.example.tests.ContactCreationSomeFieldEmpty" tests="1" failures="0" timestamp="29 Apr 2015 10:17:16 GMT" time="2.598" errors="0">
  <testcase name="testEmptyContact" time="2.598" classname="com.example.tests.ContactCreationSomeFieldEmpty"/>
</testsuite> <!-- com.example.tests.ContactCreationSomeFieldEmpty -->
