<?xml version="1.0" encoding="UTF-8"?>
<!-- Generated by org.testng.reporters.JUnitReportReporter -->
<testsuite hostname="3-THINK" name="com.example.tests.ContactCreationTests" tests="1" failures="0" timestamp="21 Apr 2015 11:08:49 GMT" time="2.542" errors="0">
  <testcase name="testNonEmptyContact" time="2.542" classname="com.example.tests.ContactCreationTests"/>
</testsuite> <!-- com.example.tests.ContactCreationTests -->
