<?xml version="1.0" encoding="UTF-8"?>
<!-- Generated by org.testng.reporters.JUnitReportReporter -->
<testsuite hostname="3-THINK" name="com.example.tests.ContactCreationTests" tests="1" failures="0" timestamp="29 Apr 2015 09:16:21 GMT" time="2.910" errors="0">
  <testcase name="testNonEmptyContact" time="2.910" classname="com.example.tests.ContactCreationTests"/>
</testsuite> <!-- com.example.tests.ContactCreationTests -->
