<?xml version="1.0" encoding="UTF-8"?>
<!-- Generated by org.testng.reporters.JUnitReportReporter -->
<testsuite hostname="3-THINK" name="com.example.tests.GroupModificationTests" tests="1" failures="0" timestamp="8 May 2015 10:40:46 GMT" time="2.271" errors="0">
  <testcase name="modifySomeGroup" time="2.271" classname="com.example.tests.GroupModificationTests"/>
</testsuite> <!-- com.example.tests.GroupModificationTests -->
