<?xml version="1.0" encoding="UTF-8"?>
<!-- Generated by org.testng.reporters.JUnitReportReporter -->
<testsuite hostname="3-THINK" name="com.example.tests.GroupCreationTests" tests="2" failures="0" timestamp="21 Apr 2015 11:08:49 GMT" time="3.270" errors="0">
  <testcase name="testEmptygroupCreation" time="1.627" classname="com.example.tests.GroupCreationTests"/>
  <testcase name="testNonEmptygroupCreation" time="1.643" classname="com.example.tests.GroupCreationTests"/>
</testsuite> <!-- com.example.tests.GroupCreationTests -->
