<?xml version="1.0" encoding="UTF-8"?>
<!-- Generated by org.testng.reporters.JUnitReportReporter -->
<testsuite hostname="3-THINK" name="com.example.tests.ContactCreationTests" tests="2" failures="0" timestamp="8 May 2015 10:20:44 GMT" time="6.093" errors="0">
  <testcase name="testValidContactCreation" time="3.032" classname="com.example.tests.ContactCreationTests"/>
  <testcase name="testValidContactCreation" time="3.061" classname="com.example.tests.ContactCreationTests"/>
</testsuite> <!-- com.example.tests.ContactCreationTests -->
