<?xml version="1.0" encoding="UTF-8"?>
<!-- Generated by org.testng.reporters.JUnitReportReporter -->
<testsuite hostname="3-THINK" name="com.example.tests.AlsoOfGroupCreationTests" tests="2" failures="0" timestamp="21 Apr 2015 10:46:29 GMT" time="3.175" errors="0">
  <testcase name="testEmptygroupCreation" time="1.573" classname="com.example.tests.AlsoOfGroupCreationTests"/>
  <testcase name="testNonEmptygroupCreation" time="1.602" classname="com.example.tests.AlsoOfGroupCreationTests"/>
</testsuite> <!-- com.example.tests.AlsoOfGroupCreationTests -->
