<?xml version="1.0" encoding="UTF-8"?>
<!-- Generated by org.testng.reporters.JUnitReportReporter -->
<testsuite hostname="3-THINK" name="com.example.tests.GroupCreationTests" tests="2" failures="0" timestamp="29 Apr 2015 09:48:18 GMT" time="4.140" errors="0">
  <testcase name="testNonEmptygroupCreation" time="1.660" classname="com.example.tests.GroupCreationTests"/>
  <testcase name="testEmptygroupCreation" time="2.480" classname="com.example.tests.GroupCreationTests"/>
</testsuite> <!-- com.example.tests.GroupCreationTests -->
