<?xml version="1.0" encoding="UTF-8"?>
<!-- Generated by org.testng.reporters.JUnitReportReporter -->
<testsuite hostname="3-THINK" name="com.example.tests.GroupCreationTests" tests="1" failures="0" timestamp="8 May 2015 06:50:27 GMT" time="2.250" errors="0">
  <testcase name="testGroupCreationWithValidData" time="2.250" classname="com.example.tests.GroupCreationTests"/>
</testsuite> <!-- com.example.tests.GroupCreationTests -->
