<?xml version="1.0" encoding="UTF-8"?>
<!-- Generated by org.testng.reporters.JUnitReportReporter -->
<testsuite hostname="3-THINK" name="com.example.tests.ContactRemover" tests="1" failures="0" timestamp="29 Apr 2015 11:15:15 GMT" time="0.934" errors="0">
  <testcase name="deleteContact" time="0.934" classname="com.example.tests.ContactRemover"/>
</testsuite> <!-- com.example.tests.ContactRemover -->
