<?xml version="1.0" encoding="UTF-8"?>
<!-- Generated by org.testng.reporters.JUnitReportReporter -->
<testsuite hostname="3-THINK" name="com.example.tests.GroupRemovalTests" tests="1" failures="0" timestamp="7 May 2015 10:52:32 GMT" time="2.910" errors="0">
  <testcase name="deleteSomeGroup" time="2.910" classname="com.example.tests.GroupRemovalTests"/>
</testsuite> <!-- com.example.tests.GroupRemovalTests -->
