<?xml version="1.0" encoding="UTF-8"?>
<!-- Generated by org.testng.reporters.JUnitReportReporter -->
<testsuite hostname="3-THINK" name="com.example.tests.ContactModification" tests="1" failures="0" timestamp="29 Apr 2015 11:15:37 GMT" time="1.591" errors="0">
  <testcase name="modifyContact" time="1.591" classname="com.example.tests.ContactModification"/>
</testsuite> <!-- com.example.tests.ContactModification -->
