<?xml version="1.0" encoding="UTF-8"?>
<!-- Generated by org.testng.reporters.JUnitReportReporter -->
<testsuite hostname="3-THINK" name="com.example.tests.ContactModification" tests="2" failures="0" timestamp="8 May 2015 10:41:07 GMT" time="5.947" errors="0">
  <testcase name="modifyContact" time="3.036" classname="com.example.tests.ContactModification"/>
  <testcase name="modifyContact" time="2.911" classname="com.example.tests.ContactModification"/>
</testsuite> <!-- com.example.tests.ContactModification -->
