<?xml version="1.0" encoding="UTF-8"?>
<!-- Generated by org.testng.reporters.JUnitReportReporter -->
<testsuite hostname="3-THINK" name="com.example.tests.GroupModificationTests" tests="1" failures="0" timestamp="29 Apr 2015 07:47:56 GMT" time="1.510" errors="0">
  <testcase name="modifySomeGroup" time="1.510" classname="com.example.tests.GroupModificationTests"/>
</testsuite> <!-- com.example.tests.GroupModificationTests -->
