<?xml version="1.0" encoding="UTF-8"?>
<!-- Generated by org.testng.reporters.JUnitReportReporter -->
<testsuite hostname="3-THINK" name="com.example.tests.ContactRemover" tests="1" failures="0" timestamp="8 May 2015 10:23:12 GMT" time="1.395" errors="0">
  <testcase name="deleteContact" time="1.395" classname="com.example.tests.ContactRemover"/>
</testsuite> <!-- com.example.tests.ContactRemover -->
